2023-10-23 06:23:36,157:DEBUG:certbot._internal.main:certbot version: 2.6.0
2023-10-23 06:23:36,158:DEBUG:certbot._internal.main:Location of certbot entry point: /usr/local/bin/certbot
2023-10-23 06:23:36,158:DEBUG:certbot._internal.main:Arguments: ['--webroot', '--webroot-path=/var/www/certbot', '--email', 'shk8532@gmail.com', '--agree-tos', '--no-eff-email', '-d', 'tlexi.com']
2023-10-23 06:23:36,158:DEBUG:certbot._internal.main:Discovered plugins: PluginsRegistry(PluginEntryPoint#manual,PluginEntryPoint#null,PluginEntryPoint#standalone,PluginEntryPoint#webroot)
2023-10-23 06:23:36,171:DEBUG:certbot._internal.log:Root logging level set at 30
2023-10-23 06:23:36,172:DEBUG:certbot._internal.plugins.selection:Requested authenticator webroot and installer None
2023-10-23 06:23:36,175:DEBUG:certbot._internal.plugins.selection:Single candidate plugin: * webroot
Description: Saves the necessary validation files to a .well-known/acme-challenge/ directory within the nominated webroot path. A seperate HTTP server must be running and serving files from the webroot path. HTTP challenge only (wildcards not supported).
Interfaces: Authenticator, Plugin
Entry point: webroot = certbot._internal.plugins.webroot:Authenticator
Initialized: <certbot._internal.plugins.webroot.Authenticator object at 0x7fa0c0da52a0>
Prep: True
2023-10-23 06:23:36,175:DEBUG:certbot._internal.plugins.selection:Selected authenticator <certbot._internal.plugins.webroot.Authenticator object at 0x7fa0c0da52a0> and installer None
2023-10-23 06:23:36,175:INFO:certbot._internal.plugins.selection:Plugins selected: Authenticator webroot, Installer None
2023-10-23 06:23:36,227:DEBUG:certbot._internal.main:Picked account: <Account(RegistrationResource(body=Registration(key=None, contact=(), agreement=None, status=None, terms_of_service_agreed=None, only_return_existing=None, external_account_binding=None), uri='https://acme-v02.api.letsencrypt.org/acme/acct/1022632147', new_authzr_uri=None, terms_of_service=None), 72da75f6e1f488a27119d0ae974bf22c, Meta(creation_dt=datetime.datetime(2023, 3, 23, 2, 55, 16, tzinfo=<UTC>), creation_host='f49136ee05ea', register_to_eff=None))>
2023-10-23 06:23:36,228:DEBUG:acme.client:Sending GET request to https://acme-v02.api.letsencrypt.org/directory.
2023-10-23 06:23:36,230:DEBUG:urllib3.connectionpool:Starting new HTTPS connection (1): acme-v02.api.letsencrypt.org:443
2023-10-23 06:23:36,795:DEBUG:urllib3.connectionpool:https://acme-v02.api.letsencrypt.org:443 "GET /directory HTTP/1.1" 200 752
2023-10-23 06:23:36,796:DEBUG:acme.client:Received response:
HTTP 200
Server: nginx
Date: Mon, 23 Oct 2023 06:23:36 GMT
Content-Type: application/json
Content-Length: 752
Connection: keep-alive
Cache-Control: public, max-age=0, no-cache
X-Frame-Options: DENY
Strict-Transport-Security: max-age=604800

{
  "90Xszpy1D-E": "https://community.letsencrypt.org/t/adding-random-entries-to-the-directory/33417",
  "keyChange": "https://acme-v02.api.letsencrypt.org/acme/key-change",
  "meta": {
    "caaIdentities": [
      "letsencrypt.org"
    ],
    "termsOfService": "https://letsencrypt.org/documents/LE-SA-v1.3-September-21-2022.pdf",
    "website": "https://letsencrypt.org"
  },
  "newAccount": "https://acme-v02.api.letsencrypt.org/acme/new-acct",
  "newNonce": "https://acme-v02.api.letsencrypt.org/acme/new-nonce",
  "newOrder": "https://acme-v02.api.letsencrypt.org/acme/new-order",
  "renewalInfo": "https://acme-v02.api.letsencrypt.org/draft-ietf-acme-ari-01/renewalInfo/",
  "revokeCert": "https://acme-v02.api.letsencrypt.org/acme/revoke-cert"
}
2023-10-23 06:23:36,796:DEBUG:certbot._internal.display.obj:Notifying user: Requesting a certificate for tlexi.com
2023-10-23 06:23:36,801:DEBUG:acme.client:Requesting fresh nonce
2023-10-23 06:23:36,801:DEBUG:acme.client:Sending HEAD request to https://acme-v02.api.letsencrypt.org/acme/new-nonce.
2023-10-23 06:23:36,972:DEBUG:urllib3.connectionpool:https://acme-v02.api.letsencrypt.org:443 "HEAD /acme/new-nonce HTTP/1.1" 200 0
2023-10-23 06:23:36,973:DEBUG:acme.client:Received response:
HTTP 200
Server: nginx
Date: Mon, 23 Oct 2023 06:23:36 GMT
Connection: keep-alive
Cache-Control: public, max-age=0, no-cache
Link: <https://acme-v02.api.letsencrypt.org/directory>;rel="index"
Replay-Nonce: IAvmRRVVK50IdGd57gwE4_uFsGy2cxpgIy-9Jzx_cntvRysI1aI
X-Frame-Options: DENY
Strict-Transport-Security: max-age=604800


2023-10-23 06:23:36,973:DEBUG:acme.client:Storing nonce: IAvmRRVVK50IdGd57gwE4_uFsGy2cxpgIy-9Jzx_cntvRysI1aI
2023-10-23 06:23:36,974:DEBUG:acme.client:JWS payload:
b'{\n  "identifiers": [\n    {\n      "type": "dns",\n      "value": "tlexi.com"\n    }\n  ]\n}'
2023-10-23 06:23:36,976:DEBUG:acme.client:Sending POST request to https://acme-v02.api.letsencrypt.org/acme/new-order:
{
  "protected": "eyJhbGciOiAiUlMyNTYiLCAia2lkIjogImh0dHBzOi8vYWNtZS12MDIuYXBpLmxldHNlbmNyeXB0Lm9yZy9hY21lL2FjY3QvMTAyMjYzMjE0NyIsICJub25jZSI6ICJJQXZtUlJWVks1MElkR2Q1N2d3RTRfdUZzR3kyY3hwZ0l5LTlKenhfY250dlJ5c0kxYUkiLCAidXJsIjogImh0dHBzOi8vYWNtZS12MDIuYXBpLmxldHNlbmNyeXB0Lm9yZy9hY21lL25ldy1vcmRlciJ9",
  "signature": "MjTthY2GzCdwpPZmz699_H0Z7mV139N9fThTNdL92KJQU_dXRVwLgl1L79jSBLfDCeQwPXwGFHsIxU66JzV41kkFgPrX5XUM9dxXaZXNBCX6hk--Xa3ynlolvlR0V1az2LwApkc_82xRzs0klmZxkiigSSpRAEk6rc0Wfp9yjU8Tg-3sv30q8y4ZfMIcBQju0_ROYpol1XE7-RbotE8eSR48BXAkwRtp15-766sA6c0uuCjS5xOalPZ1yz82XO759-gtMLM_nNmHRrCQ6OfzpWJPvj3L8vs3J88BxxRipp3P042MheQfr8-hMXngpIHtYJyoUOR3SAShpE0iVZUaDg",
  "payload": "ewogICJpZGVudGlmaWVycyI6IFsKICAgIHsKICAgICAgInR5cGUiOiAiZG5zIiwKICAgICAgInZhbHVlIjogInRsZXhpLmNvbSIKICAgIH0KICBdCn0"
}
2023-10-23 06:23:37,184:DEBUG:urllib3.connectionpool:https://acme-v02.api.letsencrypt.org:443 "POST /acme/new-order HTTP/1.1" 201 333
2023-10-23 06:23:37,185:DEBUG:acme.client:Received response:
HTTP 201
Server: nginx
Date: Mon, 23 Oct 2023 06:23:37 GMT
Content-Type: application/json
Content-Length: 333
Connection: keep-alive
Boulder-Requester: 1022632147
Cache-Control: public, max-age=0, no-cache
Link: <https://acme-v02.api.letsencrypt.org/directory>;rel="index"
Location: https://acme-v02.api.letsencrypt.org/acme/order/1022632147/217010238746
Replay-Nonce: IAvmRRVVPFfeyBiLsG53Om-3zOOpw8f-dbp6WHnv2JgLLzG8eC8
X-Frame-Options: DENY
Strict-Transport-Security: max-age=604800

{
  "status": "ready",
  "expires": "2023-10-30T06:23:37Z",
  "identifiers": [
    {
      "type": "dns",
      "value": "tlexi.com"
    }
  ],
  "authorizations": [
    "https://acme-v02.api.letsencrypt.org/acme/authz-v3/276563418566"
  ],
  "finalize": "https://acme-v02.api.letsencrypt.org/acme/finalize/1022632147/217010238746"
}
2023-10-23 06:23:37,185:DEBUG:acme.client:Storing nonce: IAvmRRVVPFfeyBiLsG53Om-3zOOpw8f-dbp6WHnv2JgLLzG8eC8
2023-10-23 06:23:37,185:DEBUG:acme.client:JWS payload:
b''
2023-10-23 06:23:37,187:DEBUG:acme.client:Sending POST request to https://acme-v02.api.letsencrypt.org/acme/authz-v3/276563418566:
{
  "protected": "eyJhbGciOiAiUlMyNTYiLCAia2lkIjogImh0dHBzOi8vYWNtZS12MDIuYXBpLmxldHNlbmNyeXB0Lm9yZy9hY21lL2FjY3QvMTAyMjYzMjE0NyIsICJub25jZSI6ICJJQXZtUlJWVlBGZmV5QmlMc0c1M09tLTN6T09wdzhmLWRicDZXSG52MkpnTEx6RzhlQzgiLCAidXJsIjogImh0dHBzOi8vYWNtZS12MDIuYXBpLmxldHNlbmNyeXB0Lm9yZy9hY21lL2F1dGh6LXYzLzI3NjU2MzQxODU2NiJ9",
  "signature": "KSgeDTwHioAbCYAxLMtzYUbxNG2aMmD0ml7sTrVx8okT07HcR38WXxVDL4BwdQK5i6dwgFjSN0YndAnGqgwnXGxSCvq07PXZqcDWtNcWnOrmColR9Rg9V7KxMKckJvnbdOrDlQRKc3LJswDQKAcH1mlsDZUkLUtU41F-qwVG-3uaKU7hZccv1_oOaQa85WuVQB9De5LXkZjuM45dFD_MSWORvnWN7s1cWl6U1MZXFDAeP4zvt6nRfLT_0m5tYquN2zu-oU4vl8Ln6HsJUjI1b-TFBpKY9jHw8KARnyyNvAZCl_8N-Jk3i7DHzOz5Hc1Dmma8Cxjk5GR90nq77jBV5w",
  "payload": ""
}
2023-10-23 06:23:37,359:DEBUG:urllib3.connectionpool:https://acme-v02.api.letsencrypt.org:443 "POST /acme/authz-v3/276563418566 HTTP/1.1" 200 742
2023-10-23 06:23:37,360:DEBUG:acme.client:Received response:
HTTP 200
Server: nginx
Date: Mon, 23 Oct 2023 06:23:37 GMT
Content-Type: application/json
Content-Length: 742
Connection: keep-alive
Boulder-Requester: 1022632147
Cache-Control: public, max-age=0, no-cache
Link: <https://acme-v02.api.letsencrypt.org/directory>;rel="index"
Replay-Nonce: IAvmRRVVcu6anqkPCSAQTD7XyL7DxLrWvwh3o0W9V_jGCMLZvN8
X-Frame-Options: DENY
Strict-Transport-Security: max-age=604800

{
  "identifier": {
    "type": "dns",
    "value": "tlexi.com"
  },
  "status": "valid",
  "expires": "2023-11-22T06:16:49Z",
  "challenges": [
    {
      "type": "http-01",
      "status": "valid",
      "url": "https://acme-v02.api.letsencrypt.org/acme/chall-v3/276563418566/MxiXkg",
      "token": "YHR19ENliKNxaUrVMxiA_5yZyzyzhYa8E-2gDHp-lvQ",
      "validationRecord": [
        {
          "url": "http://tlexi.com/.well-known/acme-challenge/YHR19ENliKNxaUrVMxiA_5yZyzyzhYa8E-2gDHp-lvQ",
          "hostname": "tlexi.com",
          "port": "80",
          "addressesResolved": [
            "175.45.203.16"
          ],
          "addressUsed": "175.45.203.16"
        }
      ],
      "validated": "2023-10-23T06:16:46Z"
    }
  ]
}
2023-10-23 06:23:37,360:DEBUG:acme.client:Storing nonce: IAvmRRVVcu6anqkPCSAQTD7XyL7DxLrWvwh3o0W9V_jGCMLZvN8
2023-10-23 06:23:37,360:DEBUG:certbot._internal.client:CSR: CSR(file=None, data=b'-----BEGIN CERTIFICATE REQUEST-----\nMIHhMIGJAgEAMAAwWTATBgcqhkjOPQIBBggqhkjOPQMBBwNCAARwderbOWcyGO4U\n9dNNqTVbzHU+tznJ822Cu8ZZQ/HUsJ2fuZxrqEBO35v/R4Fi97fnGLGkP+nsRygP\nJvIxHhsgoCcwJQYJKoZIhvcNAQkOMRgwFjAUBgNVHREEDTALggl0bGV4aS5jb20w\nCgYIKoZIzj0EAwIDRwAwRAIgCafyJ9uSvxTcK2qza17DCD1qnChYfx1bLOO02iOo\nKpQCIC2L6EZTrITeODpGNM9BS5Xhd7aBOlMhMBVXy6QgXsGz\n-----END CERTIFICATE REQUEST-----\n', form='pem')
2023-10-23 06:23:37,361:DEBUG:certbot._internal.client:Will poll for certificate issuance until 2023-10-23 06:25:07.361232
2023-10-23 06:23:37,362:DEBUG:acme.client:JWS payload:
b'{\n  "csr": "MIHhMIGJAgEAMAAwWTATBgcqhkjOPQIBBggqhkjOPQMBBwNCAARwderbOWcyGO4U9dNNqTVbzHU-tznJ822Cu8ZZQ_HUsJ2fuZxrqEBO35v_R4Fi97fnGLGkP-nsRygPJvIxHhsgoCcwJQYJKoZIhvcNAQkOMRgwFjAUBgNVHREEDTALggl0bGV4aS5jb20wCgYIKoZIzj0EAwIDRwAwRAIgCafyJ9uSvxTcK2qza17DCD1qnChYfx1bLOO02iOoKpQCIC2L6EZTrITeODpGNM9BS5Xhd7aBOlMhMBVXy6QgXsGz"\n}'
2023-10-23 06:23:37,363:DEBUG:acme.client:Sending POST request to https://acme-v02.api.letsencrypt.org/acme/finalize/1022632147/217010238746:
{
  "protected": "eyJhbGciOiAiUlMyNTYiLCAia2lkIjogImh0dHBzOi8vYWNtZS12MDIuYXBpLmxldHNlbmNyeXB0Lm9yZy9hY21lL2FjY3QvMTAyMjYzMjE0NyIsICJub25jZSI6ICJJQXZtUlJWVmN1NmFucWtQQ1NBUVREN1h5TDdEeExyV3Z3aDNvMFc5Vl9qR0NNTFp2TjgiLCAidXJsIjogImh0dHBzOi8vYWNtZS12MDIuYXBpLmxldHNlbmNyeXB0Lm9yZy9hY21lL2ZpbmFsaXplLzEwMjI2MzIxNDcvMjE3MDEwMjM4NzQ2In0",
  "signature": "MGsliPI9H_QpEt00kZoRFJCqihpSmf42EQ5NnFfYcfTkoFPK5RdpsvFxkQeBOYlXQe_APYNt9NZoKgPyP8u84e40TbCW4hglG27DTAXSlq88nK1fsLxeIfgSZnWqghpCe36-9cBWS94w9nuXyx5Ps9w1LqJS2Av7GJ2n0D7Vu4sZXUtv0K8OMf9ab7Kj0SYkq9-_a8c4LD17onBsEr2WEm_aObU7Op0UuEyBO1QJ9ir-AaVl2CVJUP8uUJGiCB8oix7YzHGlQFUj3yKJtKDoGnt00SeIU7axHV-z0LmvAcNmke5pes0A91NCECqLFgsG4s3qc3n8jmZuG2pVH4Wm0w",
  "payload": "ewogICJjc3IiOiAiTUlIaE1JR0pBZ0VBTUFBd1dUQVRCZ2NxaGtqT1BRSUJCZ2dxaGtqT1BRTUJCd05DQUFSd2RlcmJPV2N5R080VTlkTk5xVFZiekhVLXR6bko4MjJDdThaWlFfSFVzSjJmdVp4cnFFQk8zNXZfUjRGaTk3Zm5HTEdrUC1uc1J5Z1BKdkl4SGhzZ29DY3dKUVlKS29aSWh2Y05BUWtPTVJnd0ZqQVVCZ05WSFJFRURUQUxnZ2wwYkdWNGFTNWpiMjB3Q2dZSUtvWkl6ajBFQXdJRFJ3QXdSQUlnQ2FmeUo5dVN2eFRjSzJxemExN0RDRDFxbkNoWWZ4MWJMT08wMmlPb0twUUNJQzJMNkVaVHJJVGVPRHBHTk05QlM1WGhkN2FCT2xNaE1CVlh5NlFnWHNHeiIKfQ"
}
2023-10-23 06:23:37,717:DEBUG:urllib3.connectionpool:https://acme-v02.api.letsencrypt.org:443 "POST /acme/finalize/1022632147/217010238746 HTTP/1.1" 200 437
2023-10-23 06:23:37,718:DEBUG:acme.client:Received response:
HTTP 200
Server: nginx
Date: Mon, 23 Oct 2023 06:23:37 GMT
Content-Type: application/json
Content-Length: 437
Connection: keep-alive
Boulder-Requester: 1022632147
Cache-Control: public, max-age=0, no-cache
Link: <https://acme-v02.api.letsencrypt.org/directory>;rel="index"
Location: https://acme-v02.api.letsencrypt.org/acme/order/1022632147/217010238746
Replay-Nonce: IAvmRRVVbLoyhcaUxK0nEFrjqp2xRQRUZSW_esl_bdWPtHjDHjw
X-Frame-Options: DENY
Strict-Transport-Security: max-age=604800

{
  "status": "valid",
  "expires": "2023-10-30T06:23:37Z",
  "identifiers": [
    {
      "type": "dns",
      "value": "tlexi.com"
    }
  ],
  "authorizations": [
    "https://acme-v02.api.letsencrypt.org/acme/authz-v3/276563418566"
  ],
  "finalize": "https://acme-v02.api.letsencrypt.org/acme/finalize/1022632147/217010238746",
  "certificate": "https://acme-v02.api.letsencrypt.org/acme/cert/03068f80434a88dea08a5b34597bc264b56a"
}
2023-10-23 06:23:37,718:DEBUG:acme.client:Storing nonce: IAvmRRVVbLoyhcaUxK0nEFrjqp2xRQRUZSW_esl_bdWPtHjDHjw
2023-10-23 06:23:38,719:DEBUG:acme.client:JWS payload:
b''
2023-10-23 06:23:38,721:DEBUG:acme.client:Sending POST request to https://acme-v02.api.letsencrypt.org/acme/order/1022632147/217010238746:
{
  "protected": "eyJhbGciOiAiUlMyNTYiLCAia2lkIjogImh0dHBzOi8vYWNtZS12MDIuYXBpLmxldHNlbmNyeXB0Lm9yZy9hY21lL2FjY3QvMTAyMjYzMjE0NyIsICJub25jZSI6ICJJQXZtUlJWVmJMb3loY2FVeEswbkVGcmpxcDJ4UlFSVVpTV19lc2xfYmRXUHRIakRIanciLCAidXJsIjogImh0dHBzOi8vYWNtZS12MDIuYXBpLmxldHNlbmNyeXB0Lm9yZy9hY21lL29yZGVyLzEwMjI2MzIxNDcvMjE3MDEwMjM4NzQ2In0",
  "signature": "JPvcT5vEn89M6gkOGF1p-9GCrWS2oKRJb0JLY1C_NqSMMbAnltZvvI5Er3vK_wnaE4lHqSJO3DCUzGFH6CJIDezwotNDIDjep0ydpDdXCGA0B06ZOSSeoNWVBcxhe8cX2Njx2M-Y03AADfULpmTdLzHsSKQgUcEJvdoSeJwHkojIOvVaHgBPK2Pc3sXrZEK1_ht3TwqpZ7ZN3PSqwSYbFgPvWvgAfQIlJNPVm5xwrWcH3rPk-rGpBZ1zWBTRa9ax9cBqyPwpnoMuNdpOMj3EAl77eljW4kFbKXQZJbMKSNlxiAcm44wfcERhEOsUIFE8OFY4dTgYVBQjrBn4LzrKzw",
  "payload": ""
}
2023-10-23 06:23:38,900:DEBUG:urllib3.connectionpool:https://acme-v02.api.letsencrypt.org:443 "POST /acme/order/1022632147/217010238746 HTTP/1.1" 200 437
2023-10-23 06:23:38,900:DEBUG:acme.client:Received response:
HTTP 200
Server: nginx
Date: Mon, 23 Oct 2023 06:23:38 GMT
Content-Type: application/json
Content-Length: 437
Connection: keep-alive
Cache-Control: public, max-age=0, no-cache
Link: <https://acme-v02.api.letsencrypt.org/directory>;rel="index"
Replay-Nonce: _s_5u1NQTkTAIq_3X3pv1I3EHvsAJJ6u-s1thvExNXbRWSMmWI4
X-Frame-Options: DENY
Strict-Transport-Security: max-age=604800

{
  "status": "valid",
  "expires": "2023-10-30T06:23:37Z",
  "identifiers": [
    {
      "type": "dns",
      "value": "tlexi.com"
    }
  ],
  "authorizations": [
    "https://acme-v02.api.letsencrypt.org/acme/authz-v3/276563418566"
  ],
  "finalize": "https://acme-v02.api.letsencrypt.org/acme/finalize/1022632147/217010238746",
  "certificate": "https://acme-v02.api.letsencrypt.org/acme/cert/03068f80434a88dea08a5b34597bc264b56a"
}
2023-10-23 06:23:38,901:DEBUG:acme.client:Storing nonce: _s_5u1NQTkTAIq_3X3pv1I3EHvsAJJ6u-s1thvExNXbRWSMmWI4
2023-10-23 06:23:38,901:DEBUG:acme.client:JWS payload:
b''
2023-10-23 06:23:38,903:DEBUG:acme.client:Sending POST request to https://acme-v02.api.letsencrypt.org/acme/cert/03068f80434a88dea08a5b34597bc264b56a:
{
  "protected": "eyJhbGciOiAiUlMyNTYiLCAia2lkIjogImh0dHBzOi8vYWNtZS12MDIuYXBpLmxldHNlbmNyeXB0Lm9yZy9hY21lL2FjY3QvMTAyMjYzMjE0NyIsICJub25jZSI6ICJfc181dTFOUVRrVEFJcV8zWDNwdjFJM0VIdnNBSko2dS1zMXRodkV4TlhiUldTTW1XSTQiLCAidXJsIjogImh0dHBzOi8vYWNtZS12MDIuYXBpLmxldHNlbmNyeXB0Lm9yZy9hY21lL2NlcnQvMDMwNjhmODA0MzRhODhkZWEwOGE1YjM0NTk3YmMyNjRiNTZhIn0",
  "signature": "B9_tH_D-nrUI2Inq5hwcMp-1Djh1VQu_QeQqj8LrfyVteTLN2do_PMsD1ve3Ejag3-zcLWRMBruw11CmTSUe1xtgtXc0o3UYqAEzRFfdAplf4KlEJKLB7fIPaAZFfX_pb7BEDRDYJQlh8qOlyQFJ1TCsl60-GJKEGViFNcn-jyYbfOlJUi_U3fwybOf5iXH1BcTs4OzaLHxPCV6vbPpzu86nAop4UWMG7_W9aYUwRWELgo86LR58CdZ9QDhu5SG0fb3z06gn9ItzMM7BpOzYLqKIE6EBSbay4OvZlIBmdZlSSc-65jcS_z19Y12wGHdWP6fnlB0c0dexelIDRimPFA",
  "payload": ""
}
2023-10-23 06:23:39,080:DEBUG:urllib3.connectionpool:https://acme-v02.api.letsencrypt.org:443 "POST /acme/cert/03068f80434a88dea08a5b34597bc264b56a HTTP/1.1" 200 5227
2023-10-23 06:23:39,081:DEBUG:acme.client:Received response:
HTTP 200
Server: nginx
Date: Mon, 23 Oct 2023 06:23:39 GMT
Content-Type: application/pem-certificate-chain
Content-Length: 5227
Connection: keep-alive
Cache-Control: public, max-age=0, no-cache
Link: <https://acme-v02.api.letsencrypt.org/directory>;rel="index", <https://acme-v02.api.letsencrypt.org/acme/cert/03068f80434a88dea08a5b34597bc264b56a/1>;rel="alternate"
Replay-Nonce: _s_5u1NQicKQ_t3NpMekoYXH7SoDTF-ZJdjmg5yqMj2YRQQCWKw
X-Frame-Options: DENY
Strict-Transport-Security: max-age=604800

-----BEGIN CERTIFICATE-----
MIIEFTCCAv2gAwIBAgISAwaPgENKiN6gils0WXvCZLVqMA0GCSqGSIb3DQEBCwUA
MDIxCzAJBgNVBAYTAlVTMRYwFAYDVQQKEw1MZXQncyBFbmNyeXB0MQswCQYDVQQD
EwJSMzAeFw0yMzEwMjMwNTIzMzdaFw0yNDAxMjEwNTIzMzZaMBQxEjAQBgNVBAMT
CXRsZXhpLmNvbTBZMBMGByqGSM49AgEGCCqGSM49AwEHA0IABHB16ts5ZzIY7hT1
002pNVvMdT63OcnzbYK7xllD8dSwnZ+5nGuoQE7fm/9HgWL3t+cYsaQ/6exHKA8m
8jEeGyCjggIMMIICCDAOBgNVHQ8BAf8EBAMCB4AwHQYDVR0lBBYwFAYIKwYBBQUH
AwEGCCsGAQUFBwMCMAwGA1UdEwEB/wQCMAAwHQYDVR0OBBYEFO554nxWolVBmg3Y
FIzhi4KnnSXHMB8GA1UdIwQYMBaAFBQusxe3WFbLrlAJQOYfr52LFMLGMFUGCCsG
AQUFBwEBBEkwRzAhBggrBgEFBQcwAYYVaHR0cDovL3IzLm8ubGVuY3Iub3JnMCIG
CCsGAQUFBzAChhZodHRwOi8vcjMuaS5sZW5jci5vcmcvMBQGA1UdEQQNMAuCCXRs
ZXhpLmNvbTATBgNVHSAEDDAKMAgGBmeBDAECATCCAQUGCisGAQQB1nkCBAIEgfYE
gfMA8QB2ANq2v2s/tbYin5vCu1xr6HCRcWy7UYSFNL2kPTBI1/urAAABi1s0BEkA
AAQDAEcwRQIhAIMqU1Tp3qwRCr8o2ojL0lWGzJq2Ovkd95C47u5+zVL6AiAFgQ98
y6r3I1K5tKfio+qxPo6da/YENqN5q09fufmgdwB3ADtTd3U+LbmAToswWwb+QDtn
2E/D9Me9AA0tcm/h+tQXAAABi1s0BEYAAAQDAEgwRgIhAMzZX9hWK/2XaTrdJfje
EdFvlmSEKZkVYGURYSSEkuPMAiEArOTRvI/MKmED10S6le2fYZs0fbnno51PMHo4
mwxzLlQwDQYJKoZIhvcNAQELBQADggEBAK2MQhZ9EriUztPkFR/rcD3QoSuuDHzk
+NElFicckvGlMH5ktUJiWoNOK0yuKLG1RcNW3yQgb6AWKWd5TDF27oBqOb7yWe3+
lFpBa8dOj+pqN6QGPCExwa1QPlApE2vpFio6pd2wR3mEQddX4vWH2yrPA1tMSoOC
7F0815IFRfNAQDUNXz0R7/CMVV4fqH9V2rZDPX4/pM1zHKD6bcify/5l6yji1mU4
zdUHrhopj3Ra6+vtDNqNF1SU6PNU9cWHgp5EAsDZc7gU7YY/bBG8Zb+HfIEg8spH
+BIu1gr4cwZpF8DNOg9w/0JyclGq8WporyRf/vI4sqG4E7rs2wu0UfQ=
-----END CERTIFICATE-----

-----BEGIN CERTIFICATE-----
MIIFFjCCAv6gAwIBAgIRAJErCErPDBinU/bWLiWnX1owDQYJKoZIhvcNAQELBQAw
TzELMAkGA1UEBhMCVVMxKTAnBgNVBAoTIEludGVybmV0IFNlY3VyaXR5IFJlc2Vh
cmNoIEdyb3VwMRUwEwYDVQQDEwxJU1JHIFJvb3QgWDEwHhcNMjAwOTA0MDAwMDAw
WhcNMjUwOTE1MTYwMDAwWjAyMQswCQYDVQQGEwJVUzEWMBQGA1UEChMNTGV0J3Mg
RW5jcnlwdDELMAkGA1UEAxMCUjMwggEiMA0GCSqGSIb3DQEBAQUAA4IBDwAwggEK
AoIBAQC7AhUozPaglNMPEuyNVZLD+ILxmaZ6QoinXSaqtSu5xUyxr45r+XXIo9cP
R5QUVTVXjJ6oojkZ9YI8QqlObvU7wy7bjcCwXPNZOOftz2nwWgsbvsCUJCWH+jdx
sxPnHKzhm+/b5DtFUkWWqcFTzjTIUu61ru2P3mBw4qVUq7ZtDpelQDRrK9O8Zutm
NHz6a4uPVymZ+DAXXbpyb/uBxa3Shlg9F8fnCbvxK/eG3MHacV3URuPMrSXBiLxg
Z3Vms/EY96Jc5lP/Ooi2R6X/ExjqmAl3P51T+c8B5fWmcBcUr2Ok/5mzk53cU6cG
/kiFHaFpriV1uxPMUgP17VGhi9sVAgMBAAGjggEIMIIBBDAOBgNVHQ8BAf8EBAMC
AYYwHQYDVR0lBBYwFAYIKwYBBQUHAwIGCCsGAQUFBwMBMBIGA1UdEwEB/wQIMAYB
Af8CAQAwHQYDVR0OBBYEFBQusxe3WFbLrlAJQOYfr52LFMLGMB8GA1UdIwQYMBaA
FHm0WeZ7tuXkAXOACIjIGlj26ZtuMDIGCCsGAQUFBwEBBCYwJDAiBggrBgEFBQcw
AoYWaHR0cDovL3gxLmkubGVuY3Iub3JnLzAnBgNVHR8EIDAeMBygGqAYhhZodHRw
Oi8veDEuYy5sZW5jci5vcmcvMCIGA1UdIAQbMBkwCAYGZ4EMAQIBMA0GCysGAQQB
gt8TAQEBMA0GCSqGSIb3DQEBCwUAA4ICAQCFyk5HPqP3hUSFvNVneLKYY611TR6W
PTNlclQtgaDqw+34IL9fzLdwALduO/ZelN7kIJ+m74uyA+eitRY8kc607TkC53wl
ikfmZW4/RvTZ8M6UK+5UzhK8jCdLuMGYL6KvzXGRSgi3yLgjewQtCPkIVz6D2QQz
CkcheAmCJ8MqyJu5zlzyZMjAvnnAT45tRAxekrsu94sQ4egdRCnbWSDtY7kh+BIm
lJNXoB1lBMEKIq4QDUOXoRgffuDghje1WrG9ML+Hbisq/yFOGwXD9RiX8F6sw6W4
avAuvDszue5L3sz85K+EC4Y/wFVDNvZo4TYXao6Z0f+lQKc0t8DQYzk1OXVu8rp2
yJMC6alLbBfODALZvYH7n7do1AZls4I9d1P4jnkDrQoxB3UqQ9hVl3LEKQ73xF1O
yK5GhDDX8oVfGKF5u+decIsH4YaTw7mP3GFxJSqv3+0lUFJoi5Lc5da149p90Ids
hCExroL1+7mryIkXPeFM5TgO9r0rvZaBFOvV2z0gp35Z0+L4WPlbuEjN/lxPFin+
HlUjr8gRsI3qfJOQFy/9rKIJR0Y/8Omwt/8oTWgy1mdeHmmjk7j1nYsvC9JSQ6Zv
MldlTTKB3zhThV1+XWYp6rjd5JW1zbVWEkLNxE7GJThEUG3szgBVGP7pSWTUTsqX
nLRbwHOoq7hHwg==
-----END CERTIFICATE-----

-----BEGIN CERTIFICATE-----
MIIFYDCCBEigAwIBAgIQQAF3ITfU6UK47naqPGQKtzANBgkqhkiG9w0BAQsFADA/
MSQwIgYDVQQKExtEaWdpdGFsIFNpZ25hdHVyZSBUcnVzdCBDby4xFzAVBgNVBAMT
DkRTVCBSb290IENBIFgzMB4XDTIxMDEyMDE5MTQwM1oXDTI0MDkzMDE4MTQwM1ow
TzELMAkGA1UEBhMCVVMxKTAnBgNVBAoTIEludGVybmV0IFNlY3VyaXR5IFJlc2Vh
cmNoIEdyb3VwMRUwEwYDVQQDEwxJU1JHIFJvb3QgWDEwggIiMA0GCSqGSIb3DQEB
AQUAA4ICDwAwggIKAoICAQCt6CRz9BQ385ueK1coHIe+3LffOJCMbjzmV6B493XC
ov71am72AE8o295ohmxEk7axY/0UEmu/H9LqMZshftEzPLpI9d1537O4/xLxIZpL
wYqGcWlKZmZsj348cL+tKSIG8+TA5oCu4kuPt5l+lAOf00eXfJlII1PoOK5PCm+D
LtFJV4yAdLbaL9A4jXsDcCEbdfIwPPqPrt3aY6vrFk/CjhFLfs8L6P+1dy70sntK
4EwSJQxwjQMpoOFTJOwT2e4ZvxCzSow/iaNhUd6shweU9GNx7C7ib1uYgeGJXDR5
bHbvO5BieebbpJovJsXQEOEO3tkQjhb7t/eo98flAgeYjzYIlefiN5YNNnWe+w5y
sR2bvAP5SQXYgd0FtCrWQemsAXaVCg/Y39W9Eh81LygXbNKYwagJZHduRze6zqxZ
Xmidf3LWicUGQSk+WT7dJvUkyRGnWqNMQB9GoZm1pzpRboY7nn1ypxIFeFntPlF4
FQsDj43QLwWyPntKHEtzBRL8xurgUBN8Q5N0s8p0544fAQjQMNRbcTa0B7rBMDBc
SLeCO5imfWCKoqMpgsy6vYMEG6KDA0Gh1gXxG8K28Kh8hjtGqEgqiNx2mna/H2ql
PRmP6zjzZN7IKw0KKP/32+IVQtQi0Cdd4Xn+GOdwiK1O5tmLOsbdJ1Fu/7xk9TND
TwIDAQABo4IBRjCCAUIwDwYDVR0TAQH/BAUwAwEB/zAOBgNVHQ8BAf8EBAMCAQYw
SwYIKwYBBQUHAQEEPzA9MDsGCCsGAQUFBzAChi9odHRwOi8vYXBwcy5pZGVudHJ1
c3QuY29tL3Jvb3RzL2RzdHJvb3RjYXgzLnA3YzAfBgNVHSMEGDAWgBTEp7Gkeyxx
+tvhS5B1/8QVYIWJEDBUBgNVHSAETTBLMAgGBmeBDAECATA/BgsrBgEEAYLfEwEB
ATAwMC4GCCsGAQUFBwIBFiJodHRwOi8vY3BzLnJvb3QteDEubGV0c2VuY3J5cHQu
b3JnMDwGA1UdHwQ1MDMwMaAvoC2GK2h0dHA6Ly9jcmwuaWRlbnRydXN0LmNvbS9E
U1RST09UQ0FYM0NSTC5jcmwwHQYDVR0OBBYEFHm0WeZ7tuXkAXOACIjIGlj26Ztu
MA0GCSqGSIb3DQEBCwUAA4IBAQAKcwBslm7/DlLQrt2M51oGrS+o44+/yQoDFVDC
5WxCu2+b9LRPwkSICHXM6webFGJueN7sJ7o5XPWioW5WlHAQU7G75K/QosMrAdSW
9MUgNTP52GE24HGNtLi1qoJFlcDyqSMo59ahy2cI2qBDLKobkx/J3vWraV0T9VuG
WCLKTVXkcGdtwlfFRjlBz4pYg1htmf5X6DYO8A4jqv2Il9DjXA6USbW1FzXSLr9O
he8Y4IWS6wY7bCkjCWDcRQJMEhg76fsO3txE+FiYruq9RUWhiF1myv4Q6W+CyBFC
Dfvp7OOGAN6dEOM4+qR9sdjoSYKEBpsr6GtPAQw4dy753ec5
-----END CERTIFICATE-----

2023-10-23 06:23:39,081:DEBUG:acme.client:Storing nonce: _s_5u1NQicKQ_t3NpMekoYXH7SoDTF-ZJdjmg5yqMj2YRQQCWKw
2023-10-23 06:23:39,083:DEBUG:certbot._internal.storage:Creating directory /etc/letsencrypt/archive/tlexi.com.
2023-10-23 06:23:39,083:DEBUG:certbot._internal.storage:Creating directory /etc/letsencrypt/live/tlexi.com.
2023-10-23 06:23:39,083:DEBUG:certbot._internal.storage:Writing certificate to /etc/letsencrypt/live/tlexi.com/cert.pem.
2023-10-23 06:23:39,084:DEBUG:certbot._internal.storage:Writing private key to /etc/letsencrypt/live/tlexi.com/privkey.pem.
2023-10-23 06:23:39,084:DEBUG:certbot._internal.storage:Writing chain to /etc/letsencrypt/live/tlexi.com/chain.pem.
2023-10-23 06:23:39,084:DEBUG:certbot._internal.storage:Writing full chain to /etc/letsencrypt/live/tlexi.com/fullchain.pem.
2023-10-23 06:23:39,084:DEBUG:certbot._internal.storage:Writing README to /etc/letsencrypt/live/tlexi.com/README.
2023-10-23 06:23:39,108:DEBUG:certbot._internal.plugins.selection:Requested authenticator webroot and installer <certbot._internal.cli.cli_utils._Default object at 0x7fa0c0e5c1f0>
2023-10-23 06:23:39,109:DEBUG:certbot._internal.cli:Var authenticator=webroot (set by user).
2023-10-23 06:23:39,109:DEBUG:certbot._internal.cli:Var webroot_path=/var/www/certbot (set by user).
2023-10-23 06:23:39,109:DEBUG:certbot._internal.cli:Var webroot_path=/var/www/certbot (set by user).
2023-10-23 06:23:39,109:DEBUG:certbot._internal.cli:Var webroot_map={'webroot_path'} (set by user).
2023-10-23 06:23:39,109:DEBUG:certbot._internal.storage:Writing new config /etc/letsencrypt/renewal/tlexi.com.conf.
2023-10-23 06:23:39,112:DEBUG:certbot._internal.display.obj:Notifying user: 
Successfully received certificate.
Certificate is saved at: /etc/letsencrypt/live/tlexi.com/fullchain.pem
Key is saved at:         /etc/letsencrypt/live/tlexi.com/privkey.pem
This certificate expires on 2024-01-21.
These files will be updated when the certificate renews.
2023-10-23 06:23:39,112:DEBUG:certbot._internal.display.obj:Notifying user: NEXT STEPS:
2023-10-23 06:23:39,112:DEBUG:certbot._internal.display.obj:Notifying user: - The certificate will need to be renewed before it expires. Certbot can automatically renew the certificate in the background, but you may need to take steps to enable that functionality. See https://certbot.org/renewal-setup for instructions.
2023-10-23 06:23:39,114:DEBUG:certbot._internal.display.obj:Notifying user: If you like Certbot, please consider supporting our work by:
 * Donating to ISRG / Let's Encrypt:   https://letsencrypt.org/donate
 * Donating to EFF:                    https://eff.org/donate-le
